1542041658750	mozrunner::runner	INFO	Running command: "/usr/bin/firefox" "-marionette" "-foreground" "-no-remote" "-profile" "/tmp/rust_mozprofile.1X5cVI8tQCSc"
1542041663557	Marionette	INFO	Listening on port 46129
1542041663573	Marionette	WARN	TLS certificate errors will be ignored for this session
[Parent 3174, Gecko_IOThread] WARNING: pipe error (85): Connection reset by peer: file /build/firefox-4VfQCB/firefox-63.0+build2/ipc/chromium/src/chrome/common/ipc_channel_posix.cc, line 356
[Parent 3174, Gecko_IOThread] WARNING: pipe error (77): Connection reset by peer: file /build/firefox-4VfQCB/firefox-63.0+build2/ipc/chromium/src/chrome/common/ipc_channel_posix.cc, line 356
1542041676141	Marionette	INFO	Stopped listening on port 46129
1542042248581	mozrunner::runner	INFO	Running command: "/usr/bin/firefox" "-marionette" "-foreground" "-no-remote" "-profile" "/tmp/rust_mozprofile.ayGfJjNsnOkT"
1542042251538	Marionette	INFO	Listening on port 38131
1542042251593	Marionette	WARN	TLS certificate errors will be ignored for this session
1542042259788	Marionette	INFO	Stopped listening on port 38131
JavaScript error: resource://gre/modules/WebProgressChild.jsm, line 58: TypeError: this.mm.content is null
[Parent 3624, Gecko_IOThread] WARNING: pipe error (77): Connection reset by peer: file /build/firefox-4VfQCB/firefox-63.0+build2/ipc/chromium/src/chrome/common/ipc_channel_posix.cc, line 356
1542048951333	mozrunner::runner	INFO	Running command: "/usr/bin/firefox" "-marionette" "-foreground" "-no-remote" "-profile" "/tmp/rust_mozprofile.isxOQHq9U2qd"
1542048954401	Marionette	INFO	Listening on port 38011
1542048954499	Marionette	WARN	TLS certificate errors will be ignored for this session
1542048962752	Marionette	INFO	Stopped listening on port 38011
JavaScript error: resource://gre/modules/WebProgressChild.jsm, line 58: TypeError: this.mm.content is null
[Parent 6191, Gecko_IOThread] WARNING: pipe error (77): Connection reset by peer: file /build/firefox-4VfQCB/firefox-63.0+build2/ipc/chromium/src/chrome/common/ipc_channel_posix.cc, line 356
1542049355816	mozrunner::runner	INFO	Running command: "/usr/bin/firefox" "-marionette" "-foreground" "-no-remote" "-profile" "/tmp/rust_mozprofile.WSKUiY4kHX80"
1542049359159	Marionette	INFO	Listening on port 43847
1542049359228	Marionette	WARN	TLS certificate errors will be ignored for this session
1542049367124	Marionette	INFO	Stopped listening on port 43847
JavaScript error: resource://gre/modules/WebProgressChild.jsm, line 58: TypeError: this.mm.content is null
[Parent 7234, Gecko_IOThread] WARNING: pipe error (76): Connection reset by peer: file /build/firefox-4VfQCB/firefox-63.0+build2/ipc/chromium/src/chrome/common/ipc_channel_posix.cc, line 356
1542050372428	mozrunner::runner	INFO	Running command: "/usr/bin/firefox" "-marionette" "-foreground" "-no-remote" "-profile" "/tmp/rust_mozprofile.iaA58WsHJImX"
1542050375824	Marionette	INFO	Listening on port 33043
1542050375842	Marionette	WARN	TLS certificate errors will be ignored for this session
1542050383425	Marionette	INFO	Stopped listening on port 33043
JavaScript error: resource://gre/modules/WebProgressChild.jsm, line 58: TypeError: this.mm.content is null
[Parent 7889, Gecko_IOThread] WARNING: pipe error (76): Connection reset by peer: file /build/firefox-4VfQCB/firefox-63.0+build2/ipc/chromium/src/chrome/common/ipc_channel_posix.cc, line 356
1542050512843	mozrunner::runner	INFO	Running command: "/usr/bin/firefox" "-marionette" "-foreground" "-no-remote" "-profile" "/tmp/rust_mozprofile.9jzgxQSLhswt"
1542050516212	Marionette	INFO	Listening on port 36343
1542050516264	Marionette	WARN	TLS certificate errors will be ignored for this session
1542050525525	Marionette	INFO	Stopped listening on port 36343
[Parent 8153, Gecko_IOThread] WARNING: pipe error (76): Connection reset by peer: file /build/firefox-4VfQCB/firefox-63.0+build2/ipc/chromium/src/chrome/common/ipc_channel_posix.cc, line 356
1542051411896	mozrunner::runner	INFO	Running command: "/usr/bin/firefox" "-marionette" "-foreground" "-no-remote" "-profile" "/tmp/rust_mozprofile.8uOBKiaov5Nm"
1542051415248	Marionette	INFO	Listening on port 43205
1542051415311	Marionette	WARN	TLS certificate errors will be ignored for this session
1542051421724	Marionette	INFO	Stopped listening on port 43205
[Parent 8600, Gecko_IOThread] WARNING: pipe error (76): Connection reset by peer: file /build/firefox-4VfQCB/firefox-63.0+build2/ipc/chromium/src/chrome/common/ipc_channel_posix.cc, line 356
1542051435480	mozrunner::runner	INFO	Running command: "/usr/bin/firefox" "-marionette" "-foreground" "-no-remote" "-profile" "/tmp/rust_mozprofile.r9yUx6EUegN3"
1542051439013	Marionette	INFO	Listening on port 42939
1542051439091	Marionette	WARN	TLS certificate errors will be ignored for this session
1542051440678	Marionette	INFO	Stopped listening on port 42939
JavaScript error: resource://activity-stream/lib/ActivityStreamPrefs.jsm, line 29: NS_ERROR_ILLEGAL_VALUE: Component returned failure code: 0x80070057 (NS_ERROR_ILLEGAL_VALUE) [nsIPrefBranch.removeObserver]
[Parent 8843, Gecko_IOThread] WARNING: pipe error (79): Connection reset by peer: file /build/firefox-4VfQCB/firefox-63.0+build2/ipc/chromium/src/chrome/common/ipc_channel_posix.cc, line 356
[Parent 8843, Gecko_IOThread] WARNING: pipe error (76): Connection reset by peer: file /build/firefox-4VfQCB/firefox-63.0+build2/ipc/chromium/src/chrome/common/ipc_channel_posix.cc, line 356
JavaScript error: resource://gre/modules/Sqlite.jsm, line 841: Error: Connection is not open.
console.error: PushService: 
  clearOriginData: Error clearing origin data:
  UnknownError
console.error: PushService: 
  stateChangeProcessEnqueue: Error transitioning state
  UnknownError

###!!! [Parent][DispatchAsyncMessage] Error: PBackgroundIDBFactory::Msg_PBackgroundIDBFactoryRequestConstructor Value error: message was deserialized, but contained an illegal value


###!!! [Parent][DispatchAsyncMessage] Error: PBackgroundIDBFactory::Msg_PBackgroundIDBFactoryRequestConstructor Value error: message was deserialized, but contained an illegal value

1542051446288	mozrunner::runner	INFO	Running command: "/usr/bin/firefox" "-marionette" "-foreground" "-no-remote" "-profile" "/tmp/rust_mozprofile.TA3SgS8s9JLQ"
1542051449626	Marionette	INFO	Listening on port 44265
1542051449700	Marionette	WARN	TLS certificate errors will be ignored for this session
1542051454791	Marionette	INFO	Stopped listening on port 44265
[Parent 9090, Gecko_IOThread] WARNING: pipe error (76): Connection reset by peer: file /build/firefox-4VfQCB/firefox-63.0+build2/ipc/chromium/src/chrome/common/ipc_channel_posix.cc, line 356
1542103867902	mozrunner::runner	INFO	Running command: "/usr/bin/firefox" "-marionette" "-foreground" "-no-remote" "-profile" "/tmp/rust_mozprofile.nC5eLUQacKug"
1542103872674	Marionette	INFO	Listening on port 40341
1542103872794	Marionette	WARN	TLS certificate errors will be ignored for this session
1542103897624	Marionette	INFO	Stopped listening on port 40341
[Parent 2685, Gecko_IOThread] WARNING: pipe error (68): Connection reset by peer: file /build/firefox-4VfQCB/firefox-63.0+build2/ipc/chromium/src/chrome/common/ipc_channel_posix.cc, line 356
1542103964048	mozrunner::runner	INFO	Running command: "/usr/bin/firefox" "-marionette" "-foreground" "-no-remote" "-profile" "/tmp/rust_mozprofile.xAbW3ItWJPVu"
1542103967246	Marionette	INFO	Listening on port 42397
1542103967269	Marionette	WARN	TLS certificate errors will be ignored for this session
1542103975387	Marionette	INFO	Stopped listening on port 42397
[Parent 2969, Gecko_IOThread] WARNING: pipe error (68): Connection reset by peer: file /build/firefox-4VfQCB/firefox-63.0+build2/ipc/chromium/src/chrome/common/ipc_channel_posix.cc, line 356
1542104002521	mozrunner::runner	INFO	Running command: "/usr/bin/firefox" "-marionette" "-foreground" "-no-remote" "-profile" "/tmp/rust_mozprofile.2ic9ZWgxp7Kz"
1542104005461	Marionette	INFO	Listening on port 45401
1542104005562	Marionette	WARN	TLS certificate errors will be ignored for this session
1542104033729	Marionette	INFO	Stopped listening on port 45401
[Parent 3215, Gecko_IOThread] WARNING: pipe error (76): Connection reset by peer: file /build/firefox-4VfQCB/firefox-63.0+build2/ipc/chromium/src/chrome/common/ipc_channel_posix.cc, line 356
1542104052215	mozrunner::runner	INFO	Running command: "/usr/bin/firefox" "-marionette" "-foreground" "-no-remote" "-profile" "/tmp/rust_mozprofile.V5mZaQL91iHY"
1542104055131	Marionette	INFO	Listening on port 46371
1542104055232	Marionette	WARN	TLS certificate errors will be ignored for this session
console.error: BroadcastService: 
  receivedBroadcastMessage: handler for
  remote-settings/monitor_changes
  threw error:
  Message: Error: Polling for changes failed: NetworkError when attempting to fetch resource..
  Stack:
    remoteSettingsFunction/remoteSettings.pollChanges@resource://services-settings/remote-settings.js:721:13

1542104093964	Marionette	INFO	Stopped listening on port 46371
[Parent 3453, Gecko_IOThread] WARNING: pipe error (76): Connection reset by peer: file /build/firefox-4VfQCB/firefox-63.0+build2/ipc/chromium/src/chrome/common/ipc_channel_posix.cc, line 356
1542104182422	mozrunner::runner	INFO	Running command: "/usr/bin/firefox" "-marionette" "-foreground" "-no-remote" "-profile" "/tmp/rust_mozprofile.fXeQaEsx6wu2"
1542104185723	Marionette	INFO	Listening on port 37425
1542104185739	Marionette	WARN	TLS certificate errors will be ignored for this session
1542104208896	Marionette	INFO	Stopped listening on port 37425
[Parent 3821, Gecko_IOThread] WARNING: pipe error (68): Connection reset by peer: file /build/firefox-4VfQCB/firefox-63.0+build2/ipc/chromium/src/chrome/common/ipc_channel_posix.cc, line 356
1542104239616	mozrunner::runner	INFO	Running command: "/usr/bin/firefox" "-marionette" "-foreground" "-no-remote" "-profile" "/tmp/rust_mozprofile.17lLsWQYaNE3"
1542104242692	Marionette	INFO	Listening on port 44889
1542104242729	Marionette	WARN	TLS certificate errors will be ignored for this session
1542104248447	Marionette	INFO	Stopped listening on port 44889
[Parent 4082, Gecko_IOThread] WARNING: pipe error (69): Connection reset by peer: file /build/firefox-4VfQCB/firefox-63.0+build2/ipc/chromium/src/chrome/common/ipc_channel_posix.cc, line 356
1542104962091	mozrunner::runner	INFO	Running command: "/usr/bin/firefox" "-marionette" "-foreground" "-no-remote" "-profile" "/tmp/rust_mozprofile.pM8IiXPoaLYF"
1542104965644	Marionette	INFO	Listening on port 40529
1542104965704	Marionette	WARN	TLS certificate errors will be ignored for this session
1542104976925	Marionette	INFO	Stopped listening on port 40529
[Parent 4367, Gecko_IOThread] WARNING: pipe error (77): Connection reset by peer: file /build/firefox-4VfQCB/firefox-63.0+build2/ipc/chromium/src/chrome/common/ipc_channel_posix.cc, line 356
[Parent 4367, Gecko_IOThread] WARNING: pipe error (91): Connection reset by peer: file /build/firefox-4VfQCB/firefox-63.0+build2/ipc/chromium/src/chrome/common/ipc_channel_posix.cc, line 356
1542108051106	mozrunner::runner	INFO	Running command: "/usr/bin/firefox" "-marionette" "-foreground" "-no-remote" "-profile" "/tmp/rust_mozprofile.Jt4PCbGR0B2f"
1542108055656	Marionette	INFO	Listening on port 43913
1542108055717	Marionette	WARN	TLS certificate errors will be ignored for this session
1542108063223	Marionette	INFO	Stopped listening on port 43913
[Parent 5049, Gecko_IOThread] WARNING: pipe error (76): Connection reset by peer: file /build/firefox-4VfQCB/firefox-63.0+build2/ipc/chromium/src/chrome/common/ipc_channel_posix.cc, line 356
1542108226201	mozrunner::runner	INFO	Running command: "/usr/bin/firefox" "-marionette" "-foreground" "-no-remote" "-profile" "/tmp/rust_mozprofile.JB2rhJlL39hS"
1542108229431	Marionette	INFO	Listening on port 42285
1542108229521	Marionette	WARN	TLS certificate errors will be ignored for this session
1542108237515	Marionette	INFO	Stopped listening on port 42285
JavaScript error: resource://gre/modules/WebProgressChild.jsm, line 58: TypeError: this.mm.content is null
[Parent 5300, Gecko_IOThread] WARNING: pipe error (77): Connection reset by peer: file /build/firefox-4VfQCB/firefox-63.0+build2/ipc/chromium/src/chrome/common/ipc_channel_posix.cc, line 356
1542126445796	mozrunner::runner	INFO	Running command: "/usr/bin/firefox" "-marionette" "-foreground" "-no-remote" "-profile" "/tmp/rust_mozprofile.Dicvm7NcIVBt"
1542126449093	Marionette	INFO	Listening on port 34831
1542126449109	Marionette	WARN	TLS certificate errors will be ignored for this session
1542126455581	Marionette	INFO	Stopped listening on port 34831
[Parent 6267, Gecko_IOThread] WARNING: pipe error (76): Connection reset by peer: file /build/firefox-4VfQCB/firefox-63.0+build2/ipc/chromium/src/chrome/common/ipc_channel_posix.cc, line 356
1542126505695	mozrunner::runner	INFO	Running command: "/usr/bin/firefox" "-marionette" "-foreground" "-no-remote" "-profile" "/tmp/rust_mozprofile.1JATj1UWhqCx"
1542126508840	Marionette	INFO	Listening on port 38535
1542126508917	Marionette	WARN	TLS certificate errors will be ignored for this session
1542126510568	Marionette	INFO	Stopped listening on port 38535
JavaScript error: resource://activity-stream/lib/ActivityStreamPrefs.jsm, line 29: NS_ERROR_ILLEGAL_VALUE: Component returned failure code: 0x80070057 (NS_ERROR_ILLEGAL_VALUE) [nsIPrefBranch.removeObserver]
[Parent 6509, Gecko_IOThread] WARNING: pipe error (68): Connection reset by peer: file /build/firefox-4VfQCB/firefox-63.0+build2/ipc/chromium/src/chrome/common/ipc_channel_posix.cc, line 356
[Parent 6509, Gecko_IOThread] WARNING: pipe error (76): Connection reset by peer: file /build/firefox-4VfQCB/firefox-63.0+build2/ipc/chromium/src/chrome/common/ipc_channel_posix.cc, line 356
JavaScript error: resource://gre/modules/Sqlite.jsm, line 841: Error: Connection is not open.

###!!! [Parent][DispatchAsyncMessage] Error: PBackgroundIDBFactory::Msg_PBackgroundIDBFactoryRequestConstructor Value error: message was deserialized, but contained an illegal value


###!!! [Parent][DispatchAsyncMessage] Error: PBackgroundIDBFactory::Msg_PBackgroundIDBFactoryRequestConstructor Value error: message was deserialized, but contained an illegal value

1542126534293	mozrunner::runner	INFO	Running command: "/usr/bin/firefox" "-marionette" "-foreground" "-no-remote" "-profile" "/tmp/rust_mozprofile.MnYytLbJgAOs"
1542126537923	Marionette	INFO	Listening on port 33057
1542126538012	Marionette	WARN	TLS certificate errors will be ignored for this session
1542126543066	Marionette	INFO	Stopped listening on port 33057
[Parent 6754, Gecko_IOThread] WARNING: pipe error (77): Connection reset by peer: file /build/firefox-4VfQCB/firefox-63.0+build2/ipc/chromium/src/chrome/common/ipc_channel_posix.cc, line 356
1542126653232	mozrunner::runner	INFO	Running command: "/usr/bin/firefox" "-marionette" "-foreground" "-no-remote" "-profile" "/tmp/rust_mozprofile.PkAtVGPjT4jP"
1542126656324	Marionette	INFO	Listening on port 39015
1542126656344	Marionette	WARN	TLS certificate errors will be ignored for this session
1542126671218	Marionette	INFO	Stopped listening on port 39015
[Parent 7005, Gecko_IOThread] WARNING: pipe error (76): Connection reset by peer: file /build/firefox-4VfQCB/firefox-63.0+build2/ipc/chromium/src/chrome/common/ipc_channel_posix.cc, line 356
1542126751258	mozrunner::runner	INFO	Running command: "/usr/bin/firefox" "-marionette" "-foreground" "-no-remote" "-profile" "/tmp/rust_mozprofile.6RRlwKrhrnyI"
1542126754517	Marionette	INFO	Listening on port 44327
1542126754569	Marionette	WARN	TLS certificate errors will be ignored for this session
1542126761550	Marionette	INFO	Stopped listening on port 44327
[Parent 7284, Gecko_IOThread] WARNING: pipe error (76): Connection reset by peer: file /build/firefox-4VfQCB/firefox-63.0+build2/ipc/chromium/src/chrome/common/ipc_channel_posix.cc, line 356
[Parent 7284, Gecko_IOThread] WARNING: pipe error (100): Connection reset by peer: file /build/firefox-4VfQCB/firefox-63.0+build2/ipc/chromium/src/chrome/common/ipc_channel_posix.cc, line 356
1542273966805	mozrunner::runner	INFO	Running command: "/usr/bin/firefox" "-marionette" "-foreground" "-no-remote" "-profile" "/tmp/rust_mozprofile.SqVS56o8KY7e"
1542273970059	Marionette	INFO	Listening on port 40453
1542273970120	Marionette	WARN	TLS certificate errors will be ignored for this session
1542273977331	Marionette	INFO	Stopped listening on port 40453
[Parent 21918, Gecko_IOThread] WARNING: pipe error (76): Connection reset by peer: file /build/firefox-4VfQCB/firefox-63.0+build2/ipc/chromium/src/chrome/common/ipc_channel_posix.cc, line 356
1542274047388	mozrunner::runner	INFO	Running command: "/usr/bin/firefox" "-marionette" "-foreground" "-no-remote" "-profile" "/tmp/rust_mozprofile.AHFCZLk8s1bu"
1542274050569	Marionette	INFO	Listening on port 38303
1542274050608	Marionette	WARN	TLS certificate errors will be ignored for this session
1542274056777	Marionette	INFO	Stopped listening on port 38303
[Parent 22191, Gecko_IOThread] WARNING: pipe error (76): Connection reset by peer: file /build/firefox-4VfQCB/firefox-63.0+build2/ipc/chromium/src/chrome/common/ipc_channel_posix.cc, line 356
1542274166333	mozrunner::runner	INFO	Running command: "/usr/bin/firefox" "-marionette" "-foreground" "-no-remote" "-profile" "/tmp/rust_mozprofile.voaiR4EnWXzw"
1542274169534	Marionette	INFO	Listening on port 45541
1542274169546	Marionette	WARN	TLS certificate errors will be ignored for this session
1542274176796	Marionette	INFO	Stopped listening on port 45541
JavaScript error: resource://gre/modules/WebProgressChild.jsm, line 58: TypeError: this.mm.content is null
[Parent 22452, Gecko_IOThread] WARNING: pipe error (76): Connection reset by peer: file /build/firefox-4VfQCB/firefox-63.0+build2/ipc/chromium/src/chrome/common/ipc_channel_posix.cc, line 356
1542575079995	mozrunner::runner	INFO	Running command: "/usr/bin/firefox" "-marionette" "-foreground" "-no-remote" "-profile" "/tmp/rust_mozprofile.2TLPqF362mOe"
1542575084587	Marionette	INFO	Listening on port 36207
1542575084643	Marionette	WARN	TLS certificate errors will be ignored for this session
1542575090468	Marionette	INFO	Stopped listening on port 36207
JavaScript error: resource://gre/modules/WebProgressChild.jsm, line 58: TypeError: this.mm.content is null
[Parent 5294, Gecko_IOThread] WARNING: pipe error (68): Connection reset by peer: file /build/firefox-4VfQCB/firefox-63.0+build2/ipc/chromium/src/chrome/common/ipc_channel_posix.cc, line 356
1542575162646	mozrunner::runner	INFO	Running command: "/usr/bin/firefox" "-marionette" "-foreground" "-no-remote" "-profile" "/tmp/rust_mozprofile.7230YldqbqZ9"
1542575166196	Marionette	INFO	Listening on port 37025
1542575166257	Marionette	WARN	TLS certificate errors will be ignored for this session
1542575173124	Marionette	INFO	Stopped listening on port 37025
1542575766375	mozrunner::runner	INFO	Running command: "/usr/bin/firefox" "-marionette" "-foreground" "-no-remote" "-profile" "/tmp/rust_mozprofile.3jo9Xw5hDkfI"
1542575769906	Marionette	INFO	Listening on port 42671
1542575769985	Marionette	WARN	TLS certificate errors will be ignored for this session
1542575774598	Marionette	INFO	Stopped listening on port 42671
JavaScript error: resource://gre/modules/WebProgressChild.jsm, line 58: TypeError: this.mm.content is null
[Parent 6238, Gecko_IOThread] WARNING: pipe error (76): Connection reset by peer: file /build/firefox-4VfQCB/firefox-63.0+build2/ipc/chromium/src/chrome/common/ipc_channel_posix.cc, line 356
1542622949888	mozrunner::runner	INFO	Running command: "/usr/bin/firefox" "-marionette" "-foreground" "-no-remote" "-profile" "/tmp/rust_mozprofile.LPyHrva4M2bS"
1542622953329	Marionette	INFO	Listening on port 44163
1542622953398	Marionette	WARN	TLS certificate errors will be ignored for this session
1542622958729	Marionette	INFO	Stopped listening on port 44163
[Parent 7043, Gecko_IOThread] WARNING: pipe error (76): Connection reset by peer: file /build/firefox-4VfQCB/firefox-63.0+build2/ipc/chromium/src/chrome/common/ipc_channel_posix.cc, line 356
1542626283094	mozrunner::runner	INFO	Running command: "/usr/bin/firefox" "-marionette" "-foreground" "-no-remote" "-profile" "/tmp/rust_mozprofile.Ha5JSnY4HBzC"
1542626286846	Marionette	INFO	Listening on port 38263
1542626286911	Marionette	WARN	TLS certificate errors will be ignored for this session
1542626295150	Marionette	INFO	Stopped listening on port 38263
[Parent 7578, Gecko_IOThread] WARNING: pipe error (76): Connection reset by peer: file /build/firefox-4VfQCB/firefox-63.0+build2/ipc/chromium/src/chrome/common/ipc_channel_posix.cc, line 356
1542708683230	mozrunner::runner	INFO	Running command: "/usr/bin/firefox" "-marionette" "-foreground" "-no-remote" "-profile" "/tmp/rust_mozprofile.RgJn4XcHUdyc"
1542708687052	Marionette	INFO	Listening on port 39531
1542708687148	Marionette	WARN	TLS certificate errors will be ignored for this session
Gdk-Message: 15:56:48.175: /usr/lib/firefox/firefox: Fatal IO error 11 (Resource temporarily unavailable) on X server :1028.

Gdk-Message: 15:56:48.175: /usr/lib/firefox/firefox: Fatal IO error 11 (Resource temporarily unavailable) on X server :1028.

Gdk-Message: 15:56:48.176: /usr/lib/firefox/firefox: Fatal IO error 11 (Resource temporarily unavailable) on X server :1028.

1543033099355	mozrunner::runner	INFO	Running command: "/usr/bin/firefox" "-marionette" "-foreground" "-no-remote" "-profile" "/tmp/rust_mozprofile.9QWOh6ghyxus"
1543033103807	Marionette	INFO	Listening on port 40309
1543033103941	Marionette	WARN	TLS certificate errors will be ignored for this session
1543033111547	Marionette	INFO	Stopped listening on port 40309
JavaScript error: resource://gre/modules/WebProgressChild.jsm, line 58: TypeError: this.mm.content is null
[Parent 14687, Gecko_IOThread] WARNING: pipe error (68): Connection reset by peer: file /build/firefox-4VfQCB/firefox-63.0+build2/ipc/chromium/src/chrome/common/ipc_channel_posix.cc, line 356
